[2024-12-01T04:01:16.581+0000] {taskinstance.py:1979} INFO - Dependencies all met for dep_context=non-requeueable deps ti=<TaskInstance: azure_blob_ingestion_with_upload.upload_blob manual__2024-12-01T04:01:14.293750+00:00 [queued]>
[2024-12-01T04:01:16.585+0000] {taskinstance.py:1979} INFO - Dependencies all met for dep_context=requeueable deps ti=<TaskInstance: azure_blob_ingestion_with_upload.upload_blob manual__2024-12-01T04:01:14.293750+00:00 [queued]>
[2024-12-01T04:01:16.585+0000] {taskinstance.py:2193} INFO - Starting attempt 1 of 1
[2024-12-01T04:01:16.590+0000] {taskinstance.py:2217} INFO - Executing <Task(PythonOperator): upload_blob> on 2024-12-01 04:01:14.293750+00:00
[2024-12-01T04:01:16.593+0000] {standard_task_runner.py:60} INFO - Started process 3113 to run task
[2024-12-01T04:01:16.595+0000] {standard_task_runner.py:87} INFO - Running: ['***', 'tasks', 'run', 'azure_blob_ingestion_with_upload', 'upload_blob', 'manual__2024-12-01T04:01:14.293750+00:00', '--job-id', '6683', '--raw', '--subdir', 'DAGS_FOLDER/Access_AzureBlobStorage.py', '--cfg-path', '/tmp/tmpgfmi2gcg']
[2024-12-01T04:01:16.596+0000] {standard_task_runner.py:88} INFO - Job 6683: Subtask upload_blob
[2024-12-01T04:01:16.619+0000] {task_command.py:423} INFO - Running <TaskInstance: azure_blob_ingestion_with_upload.upload_blob manual__2024-12-01T04:01:14.293750+00:00 [running]> on host 4f673f93eb11
[2024-12-01T04:01:16.652+0000] {taskinstance.py:2513} INFO - Exporting env vars: AIRFLOW_CTX_DAG_OWNER='***' AIRFLOW_CTX_DAG_ID='azure_blob_ingestion_with_upload' AIRFLOW_CTX_TASK_ID='upload_blob' AIRFLOW_CTX_EXECUTION_DATE='2024-12-01T04:01:14.293750+00:00' AIRFLOW_CTX_TRY_NUMBER='1' AIRFLOW_CTX_DAG_RUN_ID='manual__2024-12-01T04:01:14.293750+00:00'
[2024-12-01T04:01:16.654+0000] {_universal.py:511} INFO - Request URL: 'https://***lab2024san.blob.core.windows.net/bd656-container/komsan/test_local.txt'
Request method: 'PUT'
Request headers:
    'Content-Length': '20'
    'x-ms-blob-type': 'REDACTED'
    'x-ms-version': 'REDACTED'
    'Content-Type': 'application/octet-stream'
    'Accept': 'application/xml'
    'User-Agent': 'azsdk-python-storage-blob/12.19.1 Python/3.8.18 (Linux-6.10.14-linuxkit-aarch64-with-glibc2.34)'
    'x-ms-date': 'REDACTED'
    'x-ms-client-request-id': 'e9f0ee52-af98-11ef-b2fd-0242ac120006'
    'Authorization': 'REDACTED'
A body is sent with the request
[2024-12-01T04:01:17.745+0000] {_universal.py:550} INFO - Response status: 201
Response headers:
    'Content-Length': '0'
    'Content-MD5': 'REDACTED'
    'Last-Modified': 'Sun, 01 Dec 2024 04:01:17 GMT'
    'ETag': '"0x8DD11BCCEB744D2"'
    'Server': 'Windows-Azure-Blob/1.0 Microsoft-HTTPAPI/2.0'
    'x-ms-request-id': 'c2c2d729-201e-009c-66a5-43292a000000'
    'x-ms-client-request-id': 'e9f0ee52-af98-11ef-b2fd-0242ac120006'
    'x-ms-version': 'REDACTED'
    'x-ms-content-crc64': 'REDACTED'
    'x-ms-request-server-encrypted': 'REDACTED'
    'Date': 'Sun, 01 Dec 2024 04:01:17 GMT'
[2024-12-01T04:01:17.746+0000] {logging_mixin.py:188} INFO - Uploaded /opt/***/dags/test.txt as komsan/test_local.txt to the container
[2024-12-01T04:01:17.747+0000] {python.py:202} INFO - Done. Returned value was: None
[2024-12-01T04:01:17.758+0000] {taskinstance.py:1149} INFO - Marking task as SUCCESS. dag_id=azure_blob_ingestion_with_upload, task_id=upload_blob, execution_date=20241201T040114, start_date=20241201T040116, end_date=20241201T040117
[2024-12-01T04:01:17.804+0000] {local_task_job_runner.py:234} INFO - Task exited with return code 0
[2024-12-01T04:01:17.823+0000] {taskinstance.py:3312} INFO - 1 downstream tasks scheduled from follow-on schedule check
