[2024-12-01T04:34:54.929+0000] {taskinstance.py:1979} INFO - Dependencies all met for dep_context=non-requeueable deps ti=<TaskInstance: crud_postgres.create_schema manual__2024-12-01T04:28:38.178092+00:00 [queued]>
[2024-12-01T04:34:54.934+0000] {taskinstance.py:1979} INFO - Dependencies all met for dep_context=requeueable deps ti=<TaskInstance: crud_postgres.create_schema manual__2024-12-01T04:28:38.178092+00:00 [queued]>
[2024-12-01T04:34:54.934+0000] {taskinstance.py:2193} INFO - Starting attempt 2 of 2
[2024-12-01T04:34:54.939+0000] {taskinstance.py:2217} INFO - Executing <Task(PostgresOperator): create_schema> on 2024-12-01 04:28:38.178092+00:00
[2024-12-01T04:34:54.942+0000] {standard_task_runner.py:60} INFO - Started process 3630 to run task
[2024-12-01T04:34:54.944+0000] {standard_task_runner.py:87} INFO - Running: ['***', 'tasks', 'run', 'crud_postgres', 'create_schema', 'manual__2024-12-01T04:28:38.178092+00:00', '--job-id', '6686', '--raw', '--subdir', 'DAGS_FOLDER/CRUD_Postgres.py', '--cfg-path', '/tmp/tmptaz0k028']
[2024-12-01T04:34:54.945+0000] {standard_task_runner.py:88} INFO - Job 6686: Subtask create_schema
[2024-12-01T04:34:54.968+0000] {task_command.py:423} INFO - Running <TaskInstance: crud_postgres.create_schema manual__2024-12-01T04:28:38.178092+00:00 [running]> on host 4f673f93eb11
[2024-12-01T04:34:55.001+0000] {taskinstance.py:2513} INFO - Exporting env vars: AIRFLOW_CTX_DAG_OWNER='***' AIRFLOW_CTX_DAG_ID='crud_postgres' AIRFLOW_CTX_TASK_ID='create_schema' AIRFLOW_CTX_EXECUTION_DATE='2024-12-01T04:28:38.178092+00:00' AIRFLOW_CTX_TRY_NUMBER='2' AIRFLOW_CTX_DAG_RUN_ID='manual__2024-12-01T04:28:38.178092+00:00'
[2024-12-01T04:34:55.002+0000] {sql.py:276} INFO - Executing: CREATE SCHEMA IF NOT EXISTS komsan;
[2024-12-01T04:34:55.006+0000] {base.py:83} INFO - Using connection ID 'azure_postgres_conn' for task execution.
[2024-12-01T04:34:55.012+0000] {base.py:83} INFO - Using connection ID 'azure_postgres_conn' for task execution.
[2024-12-01T04:36:10.119+0000] {taskinstance.py:2731} ERROR - Task failed with exception
Traceback (most recent call last):
  File "/home/airflow/.local/lib/python3.8/site-packages/airflow/models/taskinstance.py", line 444, in _execute_task
    result = _execute_callable(context=context, **execute_callable_kwargs)
  File "/home/airflow/.local/lib/python3.8/site-packages/airflow/models/taskinstance.py", line 414, in _execute_callable
    return execute_callable(context=context, **execute_callable_kwargs)
  File "/home/airflow/.local/lib/python3.8/site-packages/airflow/providers/common/sql/operators/sql.py", line 282, in execute
    output = hook.run(
  File "/home/airflow/.local/lib/python3.8/site-packages/airflow/providers/common/sql/hooks/sql.py", line 397, in run
    with closing(self.get_conn()) as conn:
  File "/home/airflow/.local/lib/python3.8/site-packages/airflow/providers/postgres/hooks/postgres.py", line 161, in get_conn
    self.conn = psycopg2.connect(**conn_args)
  File "/home/airflow/.local/lib/python3.8/site-packages/psycopg2/__init__.py", line 122, in connect
    conn = _connect(dsn, connection_factory=connection_factory, **kwasync)
psycopg2.OperationalError: connection to server at "psql-training1.postgres.database.azure.com" (52.187.106.39), port 5432 failed: Connection refused
	Is the server running on that host and accepting TCP/IP connections?

[2024-12-01T04:36:10.148+0000] {taskinstance.py:1149} INFO - Marking task as FAILED. dag_id=crud_postgres, task_id=create_schema, execution_date=20241201T042838, start_date=20241201T043454, end_date=20241201T043610
[2024-12-01T04:36:10.169+0000] {standard_task_runner.py:107} ERROR - Failed to execute job 6686 for task create_schema (connection to server at "psql-training1.postgres.database.azure.com" (52.187.106.39), port 5432 failed: Connection refused
	Is the server running on that host and accepting TCP/IP connections?
; 3630)
[2024-12-01T04:36:10.193+0000] {local_task_job_runner.py:234} INFO - Task exited with return code 1
[2024-12-01T04:36:10.206+0000] {warnings.py:109} WARNING - /home/***/.local/lib/python3.8/site-packages/***/models/baseoperator.py:1201: AirflowProviderDeprecationWarning: Call to deprecated class PostgresOperator. (Please use `***.providers.common.sql.operators.sql.SQLExecuteQueryOperator`.Also, you can provide `hook_params={'schema': <database>}`.)
  result = cls.__new__(cls)

[2024-12-01T04:36:10.217+0000] {taskinstance.py:3312} INFO - 0 downstream tasks scheduled from follow-on schedule check
