[2024-12-01T04:39:20.810+0000] {taskinstance.py:1979} INFO - Dependencies all met for dep_context=non-requeueable deps ti=<TaskInstance: crud_postgres.create_schema manual__2024-12-01T04:28:38.178092+00:00 [queued]>
[2024-12-01T04:39:20.814+0000] {taskinstance.py:1979} INFO - Dependencies all met for dep_context=requeueable deps ti=<TaskInstance: crud_postgres.create_schema manual__2024-12-01T04:28:38.178092+00:00 [queued]>
[2024-12-01T04:39:20.814+0000] {taskinstance.py:2193} INFO - Starting attempt 4 of 5
[2024-12-01T04:39:20.820+0000] {taskinstance.py:2217} INFO - Executing <Task(PostgresOperator): create_schema> on 2024-12-01 04:28:38.178092+00:00
[2024-12-01T04:39:20.822+0000] {standard_task_runner.py:60} INFO - Started process 3706 to run task
[2024-12-01T04:39:20.825+0000] {standard_task_runner.py:87} INFO - Running: ['***', 'tasks', 'run', 'crud_postgres', 'create_schema', 'manual__2024-12-01T04:28:38.178092+00:00', '--job-id', '6688', '--raw', '--subdir', 'DAGS_FOLDER/CRUD_Postgres.py', '--cfg-path', '/tmp/tmpmzjx9_6m']
[2024-12-01T04:39:20.825+0000] {standard_task_runner.py:88} INFO - Job 6688: Subtask create_schema
[2024-12-01T04:39:20.852+0000] {task_command.py:423} INFO - Running <TaskInstance: crud_postgres.create_schema manual__2024-12-01T04:28:38.178092+00:00 [running]> on host 4f673f93eb11
[2024-12-01T04:39:20.887+0000] {taskinstance.py:2513} INFO - Exporting env vars: AIRFLOW_CTX_DAG_OWNER='***' AIRFLOW_CTX_DAG_ID='crud_postgres' AIRFLOW_CTX_TASK_ID='create_schema' AIRFLOW_CTX_EXECUTION_DATE='2024-12-01T04:28:38.178092+00:00' AIRFLOW_CTX_TRY_NUMBER='4' AIRFLOW_CTX_DAG_RUN_ID='manual__2024-12-01T04:28:38.178092+00:00'
[2024-12-01T04:39:20.888+0000] {sql.py:276} INFO - Executing: CREATE SCHEMA IF NOT EXISTS komsan;
[2024-12-01T04:39:20.892+0000] {base.py:83} INFO - Using connection ID 'azure_postgres_conn' for task execution.
[2024-12-01T04:39:20.901+0000] {base.py:83} INFO - Using connection ID 'azure_postgres_conn' for task execution.
[2024-12-01T04:39:21.225+0000] {sql.py:457} INFO - Running statement: CREATE SCHEMA IF NOT EXISTS komsan;, parameters: None
[2024-12-01T04:39:21.377+0000] {warnings.py:109} WARNING - /home/***/.local/lib/python3.8/site-packages/***/providers/common/sql/hooks/sql.py:407: AirflowProviderDeprecationWarning: Call to deprecated method _make_common_data_structure. (The `_make_serializable` method is deprecated and support will be removed in a future version of the common.sql provider. Please update the DbApiHook's provider to a version based on common.sql >= 1.9.1.)
  result = self._make_common_data_structure(handler(cur))

[2024-12-01T04:39:21.431+0000] {taskinstance.py:1149} INFO - Marking task as SUCCESS. dag_id=crud_postgres, task_id=create_schema, execution_date=20241201T042838, start_date=20241201T043920, end_date=20241201T043921
[2024-12-01T04:39:21.477+0000] {local_task_job_runner.py:234} INFO - Task exited with return code 0
[2024-12-01T04:39:21.489+0000] {warnings.py:109} WARNING - /home/***/.local/lib/python3.8/site-packages/***/models/baseoperator.py:1201: AirflowProviderDeprecationWarning: Call to deprecated class PostgresOperator. (Please use `***.providers.common.sql.operators.sql.SQLExecuteQueryOperator`.Also, you can provide `hook_params={'schema': <database>}`.)
  result = cls.__new__(cls)

[2024-12-01T04:39:21.504+0000] {taskinstance.py:3312} INFO - 1 downstream tasks scheduled from follow-on schedule check
