[2024-12-01T04:45:20.547+0000] {processor.py:161} INFO - Started process (PID=4517) to work on /opt/airflow/dags/crud_postgres_bash.py
[2024-12-01T04:45:20.547+0000] {processor.py:830} INFO - Processing file /opt/airflow/dags/crud_postgres_bash.py for tasks to queue
[2024-12-01T04:45:20.548+0000] {logging_mixin.py:188} INFO - [2024-12-01T04:45:20.548+0000] {dagbag.py:540} INFO - Filling up the DagBag from /opt/airflow/dags/crud_postgres_bash.py
[2024-12-01T04:45:20.560+0000] {logging_mixin.py:188} INFO - [2024-12-01T04:45:20.559+0000] {base.py:83} INFO - Using connection ID 'azure_postgres_conn' for task execution.
[2024-12-01T04:45:20.565+0000] {processor.py:840} INFO - DAG(s) 'crud_postgres_bash' retrieved from /opt/airflow/dags/crud_postgres_bash.py
[2024-12-01T04:45:20.613+0000] {logging_mixin.py:188} INFO - [2024-12-01T04:45:20.613+0000] {override.py:1769} INFO - Created Permission View: can edit on DAG:crud_postgres_bash
[2024-12-01T04:45:20.618+0000] {logging_mixin.py:188} INFO - [2024-12-01T04:45:20.617+0000] {override.py:1769} INFO - Created Permission View: can read on DAG:crud_postgres_bash
[2024-12-01T04:45:20.620+0000] {logging_mixin.py:188} INFO - [2024-12-01T04:45:20.620+0000] {override.py:1769} INFO - Created Permission View: can delete on DAG:crud_postgres_bash
[2024-12-01T04:45:20.620+0000] {logging_mixin.py:188} INFO - [2024-12-01T04:45:20.620+0000] {dag.py:3047} INFO - Sync 1 DAGs
[2024-12-01T04:45:20.625+0000] {logging_mixin.py:188} INFO - [2024-12-01T04:45:20.625+0000] {dag.py:3069} INFO - Creating ORM DAG for crud_postgres_bash
[2024-12-01T04:45:20.632+0000] {logging_mixin.py:188} INFO - [2024-12-01T04:45:20.632+0000] {dag.py:3834} INFO - Setting next_dagrun for crud_postgres_bash to 2024-11-30 00:00:00+00:00, run_after=2024-12-01 00:00:00+00:00
[2024-12-01T04:45:20.640+0000] {processor.py:183} INFO - Processing /opt/airflow/dags/crud_postgres_bash.py took 0.095 seconds
[2024-12-01T04:45:51.343+0000] {processor.py:161} INFO - Started process (PID=4536) to work on /opt/airflow/dags/crud_postgres_bash.py
[2024-12-01T04:45:51.345+0000] {processor.py:830} INFO - Processing file /opt/airflow/dags/crud_postgres_bash.py for tasks to queue
[2024-12-01T04:45:51.346+0000] {logging_mixin.py:188} INFO - [2024-12-01T04:45:51.345+0000] {dagbag.py:540} INFO - Filling up the DagBag from /opt/airflow/dags/crud_postgres_bash.py
[2024-12-01T04:45:51.364+0000] {logging_mixin.py:188} INFO - [2024-12-01T04:45:51.364+0000] {base.py:83} INFO - Using connection ID 'azure_postgres_conn' for task execution.
[2024-12-01T04:45:51.373+0000] {processor.py:840} INFO - DAG(s) 'crud_postgres_bash' retrieved from /opt/airflow/dags/crud_postgres_bash.py
[2024-12-01T04:45:51.385+0000] {logging_mixin.py:188} INFO - [2024-12-01T04:45:51.385+0000] {dag.py:3047} INFO - Sync 1 DAGs
[2024-12-01T04:45:51.399+0000] {logging_mixin.py:188} INFO - [2024-12-01T04:45:51.398+0000] {dag.py:3834} INFO - Setting next_dagrun for crud_postgres_bash to 2024-11-30 00:00:00+00:00, run_after=2024-12-01 00:00:00+00:00
[2024-12-01T04:45:51.407+0000] {processor.py:183} INFO - Processing /opt/airflow/dags/crud_postgres_bash.py took 0.069 seconds
[2024-12-01T04:46:22.155+0000] {processor.py:161} INFO - Started process (PID=4555) to work on /opt/airflow/dags/crud_postgres_bash.py
[2024-12-01T04:46:22.157+0000] {processor.py:830} INFO - Processing file /opt/airflow/dags/crud_postgres_bash.py for tasks to queue
[2024-12-01T04:46:22.158+0000] {logging_mixin.py:188} INFO - [2024-12-01T04:46:22.157+0000] {dagbag.py:540} INFO - Filling up the DagBag from /opt/airflow/dags/crud_postgres_bash.py
[2024-12-01T04:46:22.178+0000] {logging_mixin.py:188} INFO - [2024-12-01T04:46:22.177+0000] {base.py:83} INFO - Using connection ID 'azure_postgres_conn' for task execution.
[2024-12-01T04:46:22.186+0000] {processor.py:840} INFO - DAG(s) 'crud_postgres_bash' retrieved from /opt/airflow/dags/crud_postgres_bash.py
[2024-12-01T04:46:22.198+0000] {logging_mixin.py:188} INFO - [2024-12-01T04:46:22.198+0000] {dag.py:3047} INFO - Sync 1 DAGs
[2024-12-01T04:46:22.211+0000] {logging_mixin.py:188} INFO - [2024-12-01T04:46:22.210+0000] {dag.py:3834} INFO - Setting next_dagrun for crud_postgres_bash to 2024-11-30 00:00:00+00:00, run_after=2024-12-01 00:00:00+00:00
[2024-12-01T04:46:22.219+0000] {processor.py:183} INFO - Processing /opt/airflow/dags/crud_postgres_bash.py took 0.070 seconds
[2024-12-01T04:46:52.903+0000] {processor.py:161} INFO - Started process (PID=4574) to work on /opt/airflow/dags/crud_postgres_bash.py
[2024-12-01T04:46:52.904+0000] {processor.py:830} INFO - Processing file /opt/airflow/dags/crud_postgres_bash.py for tasks to queue
[2024-12-01T04:46:52.905+0000] {logging_mixin.py:188} INFO - [2024-12-01T04:46:52.905+0000] {dagbag.py:540} INFO - Filling up the DagBag from /opt/airflow/dags/crud_postgres_bash.py
[2024-12-01T04:46:52.923+0000] {logging_mixin.py:188} INFO - [2024-12-01T04:46:52.923+0000] {base.py:83} INFO - Using connection ID 'azure_postgres_conn' for task execution.
[2024-12-01T04:46:52.932+0000] {processor.py:840} INFO - DAG(s) 'crud_postgres_bash' retrieved from /opt/airflow/dags/crud_postgres_bash.py
[2024-12-01T04:46:52.944+0000] {logging_mixin.py:188} INFO - [2024-12-01T04:46:52.944+0000] {dag.py:3047} INFO - Sync 1 DAGs
[2024-12-01T04:46:52.956+0000] {logging_mixin.py:188} INFO - [2024-12-01T04:46:52.956+0000] {dag.py:3834} INFO - Setting next_dagrun for crud_postgres_bash to 2024-11-30 00:00:00+00:00, run_after=2024-12-01 00:00:00+00:00
[2024-12-01T04:46:52.965+0000] {processor.py:183} INFO - Processing /opt/airflow/dags/crud_postgres_bash.py took 0.067 seconds
[2024-12-01T04:47:23.658+0000] {processor.py:161} INFO - Started process (PID=4593) to work on /opt/airflow/dags/crud_postgres_bash.py
[2024-12-01T04:47:23.659+0000] {processor.py:830} INFO - Processing file /opt/airflow/dags/crud_postgres_bash.py for tasks to queue
[2024-12-01T04:47:23.660+0000] {logging_mixin.py:188} INFO - [2024-12-01T04:47:23.659+0000] {dagbag.py:540} INFO - Filling up the DagBag from /opt/airflow/dags/crud_postgres_bash.py
[2024-12-01T04:47:23.673+0000] {logging_mixin.py:188} INFO - [2024-12-01T04:47:23.673+0000] {base.py:83} INFO - Using connection ID 'azure_postgres_conn' for task execution.
[2024-12-01T04:47:23.680+0000] {processor.py:840} INFO - DAG(s) 'crud_postgres_bash' retrieved from /opt/airflow/dags/crud_postgres_bash.py
[2024-12-01T04:47:23.690+0000] {logging_mixin.py:188} INFO - [2024-12-01T04:47:23.690+0000] {dag.py:3047} INFO - Sync 1 DAGs
[2024-12-01T04:47:23.702+0000] {logging_mixin.py:188} INFO - [2024-12-01T04:47:23.702+0000] {dag.py:3834} INFO - Setting next_dagrun for crud_postgres_bash to 2024-11-30 00:00:00+00:00, run_after=2024-12-01 00:00:00+00:00
[2024-12-01T04:47:23.711+0000] {processor.py:183} INFO - Processing /opt/airflow/dags/crud_postgres_bash.py took 0.056 seconds
[2024-12-01T04:47:54.431+0000] {processor.py:161} INFO - Started process (PID=4612) to work on /opt/airflow/dags/crud_postgres_bash.py
[2024-12-01T04:47:54.432+0000] {processor.py:830} INFO - Processing file /opt/airflow/dags/crud_postgres_bash.py for tasks to queue
[2024-12-01T04:47:54.434+0000] {logging_mixin.py:188} INFO - [2024-12-01T04:47:54.433+0000] {dagbag.py:540} INFO - Filling up the DagBag from /opt/airflow/dags/crud_postgres_bash.py
[2024-12-01T04:47:54.445+0000] {logging_mixin.py:188} INFO - [2024-12-01T04:47:54.445+0000] {base.py:83} INFO - Using connection ID 'azure_postgres_conn' for task execution.
[2024-12-01T04:47:54.451+0000] {processor.py:840} INFO - DAG(s) 'crud_postgres_bash' retrieved from /opt/airflow/dags/crud_postgres_bash.py
[2024-12-01T04:47:54.459+0000] {logging_mixin.py:188} INFO - [2024-12-01T04:47:54.459+0000] {dag.py:3047} INFO - Sync 1 DAGs
[2024-12-01T04:47:54.470+0000] {logging_mixin.py:188} INFO - [2024-12-01T04:47:54.470+0000] {dag.py:3834} INFO - Setting next_dagrun for crud_postgres_bash to 2024-11-30 00:00:00+00:00, run_after=2024-12-01 00:00:00+00:00
[2024-12-01T04:47:54.478+0000] {processor.py:183} INFO - Processing /opt/airflow/dags/crud_postgres_bash.py took 0.050 seconds
[2024-12-01T04:48:25.179+0000] {processor.py:161} INFO - Started process (PID=4631) to work on /opt/airflow/dags/crud_postgres_bash.py
[2024-12-01T04:48:25.180+0000] {processor.py:830} INFO - Processing file /opt/airflow/dags/crud_postgres_bash.py for tasks to queue
[2024-12-01T04:48:25.181+0000] {logging_mixin.py:188} INFO - [2024-12-01T04:48:25.180+0000] {dagbag.py:540} INFO - Filling up the DagBag from /opt/airflow/dags/crud_postgres_bash.py
[2024-12-01T04:48:25.197+0000] {logging_mixin.py:188} INFO - [2024-12-01T04:48:25.197+0000] {base.py:83} INFO - Using connection ID 'azure_postgres_conn' for task execution.
[2024-12-01T04:48:25.205+0000] {processor.py:840} INFO - DAG(s) 'crud_postgres_bash' retrieved from /opt/airflow/dags/crud_postgres_bash.py
[2024-12-01T04:48:25.216+0000] {logging_mixin.py:188} INFO - [2024-12-01T04:48:25.215+0000] {dag.py:3047} INFO - Sync 1 DAGs
[2024-12-01T04:48:25.227+0000] {logging_mixin.py:188} INFO - [2024-12-01T04:48:25.227+0000] {dag.py:3834} INFO - Setting next_dagrun for crud_postgres_bash to 2024-11-30 00:00:00+00:00, run_after=2024-12-01 00:00:00+00:00
[2024-12-01T04:48:25.235+0000] {processor.py:183} INFO - Processing /opt/airflow/dags/crud_postgres_bash.py took 0.061 seconds
[2024-12-01T04:48:55.905+0000] {processor.py:161} INFO - Started process (PID=4650) to work on /opt/airflow/dags/crud_postgres_bash.py
[2024-12-01T04:48:55.906+0000] {processor.py:830} INFO - Processing file /opt/airflow/dags/crud_postgres_bash.py for tasks to queue
[2024-12-01T04:48:55.907+0000] {logging_mixin.py:188} INFO - [2024-12-01T04:48:55.907+0000] {dagbag.py:540} INFO - Filling up the DagBag from /opt/airflow/dags/crud_postgres_bash.py
[2024-12-01T04:48:55.927+0000] {logging_mixin.py:188} INFO - [2024-12-01T04:48:55.926+0000] {base.py:83} INFO - Using connection ID 'azure_postgres_conn' for task execution.
[2024-12-01T04:48:55.935+0000] {processor.py:840} INFO - DAG(s) 'crud_postgres_bash' retrieved from /opt/airflow/dags/crud_postgres_bash.py
[2024-12-01T04:48:55.948+0000] {logging_mixin.py:188} INFO - [2024-12-01T04:48:55.947+0000] {dag.py:3047} INFO - Sync 1 DAGs
[2024-12-01T04:48:55.960+0000] {logging_mixin.py:188} INFO - [2024-12-01T04:48:55.960+0000] {dag.py:3834} INFO - Setting next_dagrun for crud_postgres_bash to 2024-11-30 00:00:00+00:00, run_after=2024-12-01 00:00:00+00:00
[2024-12-01T04:48:55.969+0000] {processor.py:183} INFO - Processing /opt/airflow/dags/crud_postgres_bash.py took 0.069 seconds
[2024-12-01T04:49:08.106+0000] {processor.py:161} INFO - Started process (PID=4659) to work on /opt/airflow/dags/crud_postgres_bash.py
[2024-12-01T04:49:08.107+0000] {processor.py:830} INFO - Processing file /opt/airflow/dags/crud_postgres_bash.py for tasks to queue
[2024-12-01T04:49:08.108+0000] {logging_mixin.py:188} INFO - [2024-12-01T04:49:08.107+0000] {dagbag.py:540} INFO - Filling up the DagBag from /opt/airflow/dags/crud_postgres_bash.py
[2024-12-01T04:49:08.130+0000] {logging_mixin.py:188} INFO - [2024-12-01T04:49:08.130+0000] {base.py:83} INFO - Using connection ID 'azure_postgres_conn' for task execution.
[2024-12-01T04:49:08.137+0000] {processor.py:840} INFO - DAG(s) 'crud_postgres_bash' retrieved from /opt/airflow/dags/crud_postgres_bash.py
[2024-12-01T04:49:08.147+0000] {logging_mixin.py:188} INFO - [2024-12-01T04:49:08.147+0000] {dag.py:3047} INFO - Sync 1 DAGs
[2024-12-01T04:49:08.159+0000] {logging_mixin.py:188} INFO - [2024-12-01T04:49:08.159+0000] {dag.py:3834} INFO - Setting next_dagrun for crud_postgres_bash to 2024-11-30 00:00:00+00:00, run_after=2024-12-01 00:00:00+00:00
[2024-12-01T04:49:08.171+0000] {processor.py:183} INFO - Processing /opt/airflow/dags/crud_postgres_bash.py took 0.069 seconds
[2024-12-01T04:49:30.825+0000] {processor.py:161} INFO - Started process (PID=4677) to work on /opt/airflow/dags/crud_postgres_bash.py
[2024-12-01T04:49:30.827+0000] {processor.py:830} INFO - Processing file /opt/airflow/dags/crud_postgres_bash.py for tasks to queue
[2024-12-01T04:49:30.828+0000] {logging_mixin.py:188} INFO - [2024-12-01T04:49:30.828+0000] {dagbag.py:540} INFO - Filling up the DagBag from /opt/airflow/dags/crud_postgres_bash.py
[2024-12-01T04:49:30.850+0000] {logging_mixin.py:188} INFO - [2024-12-01T04:49:30.850+0000] {base.py:83} INFO - Using connection ID 'azure_postgres_conn' for task execution.
[2024-12-01T04:49:30.858+0000] {processor.py:840} INFO - DAG(s) 'crud_postgres_bash' retrieved from /opt/airflow/dags/crud_postgres_bash.py
[2024-12-01T04:49:30.871+0000] {logging_mixin.py:188} INFO - [2024-12-01T04:49:30.871+0000] {dag.py:3047} INFO - Sync 1 DAGs
[2024-12-01T04:49:30.884+0000] {logging_mixin.py:188} INFO - [2024-12-01T04:49:30.884+0000] {dag.py:3834} INFO - Setting next_dagrun for crud_postgres_bash to 2024-11-30 00:00:00+00:00, run_after=2024-12-01 00:00:00+00:00
[2024-12-01T04:49:30.894+0000] {processor.py:183} INFO - Processing /opt/airflow/dags/crud_postgres_bash.py took 0.074 seconds
[2024-12-01T04:50:01.609+0000] {processor.py:161} INFO - Started process (PID=4696) to work on /opt/airflow/dags/crud_postgres_bash.py
[2024-12-01T04:50:01.611+0000] {processor.py:830} INFO - Processing file /opt/airflow/dags/crud_postgres_bash.py for tasks to queue
[2024-12-01T04:50:01.612+0000] {logging_mixin.py:188} INFO - [2024-12-01T04:50:01.612+0000] {dagbag.py:540} INFO - Filling up the DagBag from /opt/airflow/dags/crud_postgres_bash.py
[2024-12-01T04:50:01.631+0000] {logging_mixin.py:188} INFO - [2024-12-01T04:50:01.630+0000] {base.py:83} INFO - Using connection ID 'azure_postgres_conn' for task execution.
[2024-12-01T04:50:01.639+0000] {processor.py:840} INFO - DAG(s) 'crud_postgres_bash' retrieved from /opt/airflow/dags/crud_postgres_bash.py
[2024-12-01T04:50:01.650+0000] {logging_mixin.py:188} INFO - [2024-12-01T04:50:01.650+0000] {dag.py:3047} INFO - Sync 1 DAGs
[2024-12-01T04:50:01.663+0000] {logging_mixin.py:188} INFO - [2024-12-01T04:50:01.663+0000] {dag.py:3834} INFO - Setting next_dagrun for crud_postgres_bash to 2024-11-30 00:00:00+00:00, run_after=2024-12-01 00:00:00+00:00
[2024-12-01T04:50:01.672+0000] {processor.py:183} INFO - Processing /opt/airflow/dags/crud_postgres_bash.py took 0.068 seconds
[2024-12-01T04:50:23.058+0000] {processor.py:161} INFO - Started process (PID=4705) to work on /opt/airflow/dags/crud_postgres_bash.py
[2024-12-01T04:50:23.061+0000] {processor.py:830} INFO - Processing file /opt/airflow/dags/crud_postgres_bash.py for tasks to queue
[2024-12-01T04:50:23.062+0000] {logging_mixin.py:188} INFO - [2024-12-01T04:50:23.061+0000] {dagbag.py:540} INFO - Filling up the DagBag from /opt/airflow/dags/crud_postgres_bash.py
[2024-12-01T04:50:23.088+0000] {logging_mixin.py:188} INFO - [2024-12-01T04:50:23.088+0000] {base.py:83} INFO - Using connection ID 'azure_postgres_conn' for task execution.
[2024-12-01T04:50:23.095+0000] {processor.py:840} INFO - DAG(s) 'crud_postgres_bash' retrieved from /opt/airflow/dags/crud_postgres_bash.py
[2024-12-01T04:50:23.152+0000] {logging_mixin.py:188} INFO - [2024-12-01T04:50:23.151+0000] {dag.py:3047} INFO - Sync 1 DAGs
[2024-12-01T04:50:23.160+0000] {logging_mixin.py:188} INFO - [2024-12-01T04:50:23.160+0000] {dag.py:3834} INFO - Setting next_dagrun for crud_postgres_bash to 2024-12-01 00:00:00+00:00, run_after=2024-12-02 00:00:00+00:00
[2024-12-01T04:50:23.169+0000] {processor.py:183} INFO - Processing /opt/airflow/dags/crud_postgres_bash.py took 0.115 seconds
[2024-12-01T04:50:53.870+0000] {processor.py:161} INFO - Started process (PID=4724) to work on /opt/airflow/dags/crud_postgres_bash.py
[2024-12-01T04:50:53.872+0000] {processor.py:830} INFO - Processing file /opt/airflow/dags/crud_postgres_bash.py for tasks to queue
[2024-12-01T04:50:53.875+0000] {logging_mixin.py:188} INFO - [2024-12-01T04:50:53.874+0000] {dagbag.py:540} INFO - Filling up the DagBag from /opt/airflow/dags/crud_postgres_bash.py
[2024-12-01T04:50:53.896+0000] {logging_mixin.py:188} INFO - [2024-12-01T04:50:53.896+0000] {base.py:83} INFO - Using connection ID 'azure_postgres_conn' for task execution.
[2024-12-01T04:50:53.903+0000] {processor.py:840} INFO - DAG(s) 'crud_postgres_bash' retrieved from /opt/airflow/dags/crud_postgres_bash.py
[2024-12-01T04:50:53.914+0000] {logging_mixin.py:188} INFO - [2024-12-01T04:50:53.914+0000] {dag.py:3047} INFO - Sync 1 DAGs
[2024-12-01T04:50:53.931+0000] {logging_mixin.py:188} INFO - [2024-12-01T04:50:53.930+0000] {dag.py:3834} INFO - Setting next_dagrun for crud_postgres_bash to 2024-12-01 00:00:00+00:00, run_after=2024-12-02 00:00:00+00:00
[2024-12-01T04:50:53.942+0000] {processor.py:183} INFO - Processing /opt/airflow/dags/crud_postgres_bash.py took 0.079 seconds
[2024-12-01T04:51:24.560+0000] {processor.py:161} INFO - Started process (PID=4743) to work on /opt/airflow/dags/crud_postgres_bash.py
[2024-12-01T04:51:24.562+0000] {processor.py:830} INFO - Processing file /opt/airflow/dags/crud_postgres_bash.py for tasks to queue
[2024-12-01T04:51:24.564+0000] {logging_mixin.py:188} INFO - [2024-12-01T04:51:24.564+0000] {dagbag.py:540} INFO - Filling up the DagBag from /opt/airflow/dags/crud_postgres_bash.py
[2024-12-01T04:51:24.584+0000] {logging_mixin.py:188} INFO - [2024-12-01T04:51:24.584+0000] {base.py:83} INFO - Using connection ID 'azure_postgres_conn' for task execution.
[2024-12-01T04:51:24.590+0000] {processor.py:840} INFO - DAG(s) 'crud_postgres_bash' retrieved from /opt/airflow/dags/crud_postgres_bash.py
[2024-12-01T04:51:24.600+0000] {logging_mixin.py:188} INFO - [2024-12-01T04:51:24.600+0000] {dag.py:3047} INFO - Sync 1 DAGs
[2024-12-01T04:51:24.613+0000] {logging_mixin.py:188} INFO - [2024-12-01T04:51:24.612+0000] {dag.py:3834} INFO - Setting next_dagrun for crud_postgres_bash to 2024-12-01 00:00:00+00:00, run_after=2024-12-02 00:00:00+00:00
[2024-12-01T04:51:24.625+0000] {processor.py:183} INFO - Processing /opt/airflow/dags/crud_postgres_bash.py took 0.069 seconds
[2024-12-01T04:51:55.400+0000] {processor.py:161} INFO - Started process (PID=4762) to work on /opt/airflow/dags/crud_postgres_bash.py
[2024-12-01T04:51:55.403+0000] {processor.py:830} INFO - Processing file /opt/airflow/dags/crud_postgres_bash.py for tasks to queue
[2024-12-01T04:51:55.405+0000] {logging_mixin.py:188} INFO - [2024-12-01T04:51:55.405+0000] {dagbag.py:540} INFO - Filling up the DagBag from /opt/airflow/dags/crud_postgres_bash.py
[2024-12-01T04:51:55.446+0000] {logging_mixin.py:188} INFO - [2024-12-01T04:51:55.445+0000] {base.py:83} INFO - Using connection ID 'azure_postgres_conn' for task execution.
[2024-12-01T04:51:55.459+0000] {processor.py:840} INFO - DAG(s) 'crud_postgres_bash' retrieved from /opt/airflow/dags/crud_postgres_bash.py
[2024-12-01T04:51:55.471+0000] {logging_mixin.py:188} INFO - [2024-12-01T04:51:55.471+0000] {dag.py:3047} INFO - Sync 1 DAGs
[2024-12-01T04:51:55.490+0000] {logging_mixin.py:188} INFO - [2024-12-01T04:51:55.490+0000] {dag.py:3834} INFO - Setting next_dagrun for crud_postgres_bash to 2024-12-01 00:00:00+00:00, run_after=2024-12-02 00:00:00+00:00
[2024-12-01T04:51:55.497+0000] {processor.py:183} INFO - Processing /opt/airflow/dags/crud_postgres_bash.py took 0.109 seconds
[2024-12-01T04:52:26.109+0000] {processor.py:161} INFO - Started process (PID=4781) to work on /opt/airflow/dags/crud_postgres_bash.py
[2024-12-01T04:52:26.110+0000] {processor.py:830} INFO - Processing file /opt/airflow/dags/crud_postgres_bash.py for tasks to queue
[2024-12-01T04:52:26.111+0000] {logging_mixin.py:188} INFO - [2024-12-01T04:52:26.111+0000] {dagbag.py:540} INFO - Filling up the DagBag from /opt/airflow/dags/crud_postgres_bash.py
[2024-12-01T04:52:26.135+0000] {logging_mixin.py:188} INFO - [2024-12-01T04:52:26.135+0000] {base.py:83} INFO - Using connection ID 'azure_postgres_conn' for task execution.
[2024-12-01T04:52:26.145+0000] {processor.py:840} INFO - DAG(s) 'crud_postgres_bash' retrieved from /opt/airflow/dags/crud_postgres_bash.py
[2024-12-01T04:52:26.154+0000] {logging_mixin.py:188} INFO - [2024-12-01T04:52:26.154+0000] {dag.py:3047} INFO - Sync 1 DAGs
[2024-12-01T04:52:26.167+0000] {logging_mixin.py:188} INFO - [2024-12-01T04:52:26.166+0000] {dag.py:3834} INFO - Setting next_dagrun for crud_postgres_bash to 2024-12-01 00:00:00+00:00, run_after=2024-12-02 00:00:00+00:00
[2024-12-01T04:52:26.179+0000] {processor.py:183} INFO - Processing /opt/airflow/dags/crud_postgres_bash.py took 0.075 seconds
[2024-12-01T04:52:56.888+0000] {processor.py:161} INFO - Started process (PID=4800) to work on /opt/airflow/dags/crud_postgres_bash.py
[2024-12-01T04:52:56.890+0000] {processor.py:830} INFO - Processing file /opt/airflow/dags/crud_postgres_bash.py for tasks to queue
[2024-12-01T04:52:56.891+0000] {logging_mixin.py:188} INFO - [2024-12-01T04:52:56.891+0000] {dagbag.py:540} INFO - Filling up the DagBag from /opt/airflow/dags/crud_postgres_bash.py
[2024-12-01T04:52:56.911+0000] {logging_mixin.py:188} INFO - [2024-12-01T04:52:56.910+0000] {base.py:83} INFO - Using connection ID 'azure_postgres_conn' for task execution.
[2024-12-01T04:52:56.919+0000] {processor.py:840} INFO - DAG(s) 'crud_postgres_bash' retrieved from /opt/airflow/dags/crud_postgres_bash.py
[2024-12-01T04:52:56.930+0000] {logging_mixin.py:188} INFO - [2024-12-01T04:52:56.929+0000] {dag.py:3047} INFO - Sync 1 DAGs
[2024-12-01T04:52:56.942+0000] {logging_mixin.py:188} INFO - [2024-12-01T04:52:56.942+0000] {dag.py:3834} INFO - Setting next_dagrun for crud_postgres_bash to 2024-12-01 00:00:00+00:00, run_after=2024-12-02 00:00:00+00:00
[2024-12-01T04:52:56.954+0000] {processor.py:183} INFO - Processing /opt/airflow/dags/crud_postgres_bash.py took 0.071 seconds
[2024-12-01T04:53:27.770+0000] {processor.py:161} INFO - Started process (PID=4819) to work on /opt/airflow/dags/crud_postgres_bash.py
[2024-12-01T04:53:27.773+0000] {processor.py:830} INFO - Processing file /opt/airflow/dags/crud_postgres_bash.py for tasks to queue
[2024-12-01T04:53:27.776+0000] {logging_mixin.py:188} INFO - [2024-12-01T04:53:27.775+0000] {dagbag.py:540} INFO - Filling up the DagBag from /opt/airflow/dags/crud_postgres_bash.py
[2024-12-01T04:53:27.796+0000] {logging_mixin.py:188} INFO - [2024-12-01T04:53:27.796+0000] {base.py:83} INFO - Using connection ID 'azure_postgres_conn' for task execution.
[2024-12-01T04:53:27.805+0000] {processor.py:840} INFO - DAG(s) 'crud_postgres_bash' retrieved from /opt/airflow/dags/crud_postgres_bash.py
[2024-12-01T04:53:27.820+0000] {logging_mixin.py:188} INFO - [2024-12-01T04:53:27.820+0000] {dag.py:3047} INFO - Sync 1 DAGs
[2024-12-01T04:53:27.839+0000] {logging_mixin.py:188} INFO - [2024-12-01T04:53:27.839+0000] {dag.py:3834} INFO - Setting next_dagrun for crud_postgres_bash to 2024-12-01 00:00:00+00:00, run_after=2024-12-02 00:00:00+00:00
[2024-12-01T04:53:27.860+0000] {processor.py:183} INFO - Processing /opt/airflow/dags/crud_postgres_bash.py took 0.096 seconds
[2024-12-01T04:53:58.745+0000] {processor.py:161} INFO - Started process (PID=4843) to work on /opt/airflow/dags/crud_postgres_bash.py
[2024-12-01T04:53:58.748+0000] {processor.py:830} INFO - Processing file /opt/airflow/dags/crud_postgres_bash.py for tasks to queue
[2024-12-01T04:53:58.749+0000] {logging_mixin.py:188} INFO - [2024-12-01T04:53:58.749+0000] {dagbag.py:540} INFO - Filling up the DagBag from /opt/airflow/dags/crud_postgres_bash.py
[2024-12-01T04:53:58.779+0000] {logging_mixin.py:188} INFO - [2024-12-01T04:53:58.778+0000] {base.py:83} INFO - Using connection ID 'azure_postgres_conn' for task execution.
[2024-12-01T04:53:58.787+0000] {processor.py:840} INFO - DAG(s) 'crud_postgres_bash' retrieved from /opt/airflow/dags/crud_postgres_bash.py
[2024-12-01T04:53:58.798+0000] {logging_mixin.py:188} INFO - [2024-12-01T04:53:58.798+0000] {dag.py:3047} INFO - Sync 1 DAGs
[2024-12-01T04:53:58.812+0000] {logging_mixin.py:188} INFO - [2024-12-01T04:53:58.812+0000] {dag.py:3834} INFO - Setting next_dagrun for crud_postgres_bash to 2024-12-01 00:00:00+00:00, run_after=2024-12-02 00:00:00+00:00
[2024-12-01T04:53:58.827+0000] {processor.py:183} INFO - Processing /opt/airflow/dags/crud_postgres_bash.py took 0.088 seconds
[2024-12-01T04:54:28.917+0000] {processor.py:161} INFO - Started process (PID=4863) to work on /opt/airflow/dags/crud_postgres_bash.py
[2024-12-01T04:54:28.918+0000] {processor.py:830} INFO - Processing file /opt/airflow/dags/crud_postgres_bash.py for tasks to queue
[2024-12-01T04:54:28.919+0000] {logging_mixin.py:188} INFO - [2024-12-01T04:54:28.918+0000] {dagbag.py:540} INFO - Filling up the DagBag from /opt/airflow/dags/crud_postgres_bash.py
[2024-12-01T04:54:28.928+0000] {logging_mixin.py:188} INFO - [2024-12-01T04:54:28.927+0000] {base.py:83} INFO - Using connection ID 'azure_postgres_conn' for task execution.
[2024-12-01T04:54:28.932+0000] {processor.py:840} INFO - DAG(s) 'crud_postgres_bash' retrieved from /opt/airflow/dags/crud_postgres_bash.py
[2024-12-01T04:54:28.940+0000] {logging_mixin.py:188} INFO - [2024-12-01T04:54:28.940+0000] {dag.py:3047} INFO - Sync 1 DAGs
[2024-12-01T04:54:28.950+0000] {logging_mixin.py:188} INFO - [2024-12-01T04:54:28.949+0000] {dag.py:3834} INFO - Setting next_dagrun for crud_postgres_bash to 2024-12-01 00:00:00+00:00, run_after=2024-12-02 00:00:00+00:00
[2024-12-01T04:54:28.957+0000] {processor.py:183} INFO - Processing /opt/airflow/dags/crud_postgres_bash.py took 0.042 seconds
[2024-12-01T04:54:59.700+0000] {processor.py:161} INFO - Started process (PID=4881) to work on /opt/airflow/dags/crud_postgres_bash.py
[2024-12-01T04:54:59.708+0000] {processor.py:830} INFO - Processing file /opt/airflow/dags/crud_postgres_bash.py for tasks to queue
[2024-12-01T04:54:59.716+0000] {logging_mixin.py:188} INFO - [2024-12-01T04:54:59.714+0000] {dagbag.py:540} INFO - Filling up the DagBag from /opt/airflow/dags/crud_postgres_bash.py
[2024-12-01T04:54:59.747+0000] {logging_mixin.py:188} INFO - [2024-12-01T04:54:59.747+0000] {base.py:83} INFO - Using connection ID 'azure_postgres_conn' for task execution.
[2024-12-01T04:54:59.755+0000] {processor.py:840} INFO - DAG(s) 'crud_postgres_bash' retrieved from /opt/airflow/dags/crud_postgres_bash.py
[2024-12-01T04:54:59.772+0000] {logging_mixin.py:188} INFO - [2024-12-01T04:54:59.772+0000] {dag.py:3047} INFO - Sync 1 DAGs
[2024-12-01T04:54:59.788+0000] {logging_mixin.py:188} INFO - [2024-12-01T04:54:59.787+0000] {dag.py:3834} INFO - Setting next_dagrun for crud_postgres_bash to 2024-12-01 00:00:00+00:00, run_after=2024-12-02 00:00:00+00:00
[2024-12-01T04:54:59.802+0000] {processor.py:183} INFO - Processing /opt/airflow/dags/crud_postgres_bash.py took 0.107 seconds
[2024-12-01T04:55:30.587+0000] {processor.py:161} INFO - Started process (PID=4900) to work on /opt/airflow/dags/crud_postgres_bash.py
[2024-12-01T04:55:30.588+0000] {processor.py:830} INFO - Processing file /opt/airflow/dags/crud_postgres_bash.py for tasks to queue
[2024-12-01T04:55:30.592+0000] {logging_mixin.py:188} INFO - [2024-12-01T04:55:30.592+0000] {dagbag.py:540} INFO - Filling up the DagBag from /opt/airflow/dags/crud_postgres_bash.py
[2024-12-01T04:55:30.613+0000] {logging_mixin.py:188} INFO - [2024-12-01T04:55:30.613+0000] {base.py:83} INFO - Using connection ID 'azure_postgres_conn' for task execution.
[2024-12-01T04:55:30.624+0000] {processor.py:840} INFO - DAG(s) 'crud_postgres_bash' retrieved from /opt/airflow/dags/crud_postgres_bash.py
[2024-12-01T04:55:30.637+0000] {logging_mixin.py:188} INFO - [2024-12-01T04:55:30.637+0000] {dag.py:3047} INFO - Sync 1 DAGs
[2024-12-01T04:55:30.656+0000] {logging_mixin.py:188} INFO - [2024-12-01T04:55:30.656+0000] {dag.py:3834} INFO - Setting next_dagrun for crud_postgres_bash to 2024-12-01 00:00:00+00:00, run_after=2024-12-02 00:00:00+00:00
[2024-12-01T04:55:30.686+0000] {processor.py:183} INFO - Processing /opt/airflow/dags/crud_postgres_bash.py took 0.104 seconds
[2024-12-01T04:56:01.418+0000] {processor.py:161} INFO - Started process (PID=4919) to work on /opt/airflow/dags/crud_postgres_bash.py
[2024-12-01T04:56:01.420+0000] {processor.py:830} INFO - Processing file /opt/airflow/dags/crud_postgres_bash.py for tasks to queue
[2024-12-01T04:56:01.422+0000] {logging_mixin.py:188} INFO - [2024-12-01T04:56:01.421+0000] {dagbag.py:540} INFO - Filling up the DagBag from /opt/airflow/dags/crud_postgres_bash.py
[2024-12-01T04:56:01.451+0000] {logging_mixin.py:188} INFO - [2024-12-01T04:56:01.451+0000] {base.py:83} INFO - Using connection ID 'azure_postgres_conn' for task execution.
[2024-12-01T04:56:01.460+0000] {processor.py:840} INFO - DAG(s) 'crud_postgres_bash' retrieved from /opt/airflow/dags/crud_postgres_bash.py
[2024-12-01T04:56:01.473+0000] {logging_mixin.py:188} INFO - [2024-12-01T04:56:01.472+0000] {dag.py:3047} INFO - Sync 1 DAGs
[2024-12-01T04:56:01.486+0000] {logging_mixin.py:188} INFO - [2024-12-01T04:56:01.486+0000] {dag.py:3834} INFO - Setting next_dagrun for crud_postgres_bash to 2024-12-01 00:00:00+00:00, run_after=2024-12-02 00:00:00+00:00
[2024-12-01T04:56:01.500+0000] {processor.py:183} INFO - Processing /opt/airflow/dags/crud_postgres_bash.py took 0.088 seconds
[2024-12-01T04:56:32.210+0000] {processor.py:161} INFO - Started process (PID=4938) to work on /opt/airflow/dags/crud_postgres_bash.py
[2024-12-01T04:56:32.212+0000] {processor.py:830} INFO - Processing file /opt/airflow/dags/crud_postgres_bash.py for tasks to queue
[2024-12-01T04:56:32.213+0000] {logging_mixin.py:188} INFO - [2024-12-01T04:56:32.212+0000] {dagbag.py:540} INFO - Filling up the DagBag from /opt/airflow/dags/crud_postgres_bash.py
[2024-12-01T04:56:32.235+0000] {logging_mixin.py:188} INFO - [2024-12-01T04:56:32.235+0000] {base.py:83} INFO - Using connection ID 'azure_postgres_conn' for task execution.
[2024-12-01T04:56:32.247+0000] {processor.py:840} INFO - DAG(s) 'crud_postgres_bash' retrieved from /opt/airflow/dags/crud_postgres_bash.py
[2024-12-01T04:56:32.260+0000] {logging_mixin.py:188} INFO - [2024-12-01T04:56:32.260+0000] {dag.py:3047} INFO - Sync 1 DAGs
[2024-12-01T04:56:32.274+0000] {logging_mixin.py:188} INFO - [2024-12-01T04:56:32.274+0000] {dag.py:3834} INFO - Setting next_dagrun for crud_postgres_bash to 2024-12-01 00:00:00+00:00, run_after=2024-12-02 00:00:00+00:00
[2024-12-01T04:56:32.285+0000] {processor.py:183} INFO - Processing /opt/airflow/dags/crud_postgres_bash.py took 0.082 seconds
[2024-12-01T04:57:03.071+0000] {processor.py:161} INFO - Started process (PID=4957) to work on /opt/airflow/dags/crud_postgres_bash.py
[2024-12-01T04:57:03.072+0000] {processor.py:830} INFO - Processing file /opt/airflow/dags/crud_postgres_bash.py for tasks to queue
[2024-12-01T04:57:03.075+0000] {logging_mixin.py:188} INFO - [2024-12-01T04:57:03.074+0000] {dagbag.py:540} INFO - Filling up the DagBag from /opt/airflow/dags/crud_postgres_bash.py
[2024-12-01T04:57:03.095+0000] {logging_mixin.py:188} INFO - [2024-12-01T04:57:03.095+0000] {base.py:83} INFO - Using connection ID 'azure_postgres_conn' for task execution.
[2024-12-01T04:57:03.102+0000] {processor.py:840} INFO - DAG(s) 'crud_postgres_bash' retrieved from /opt/airflow/dags/crud_postgres_bash.py
[2024-12-01T04:57:03.113+0000] {logging_mixin.py:188} INFO - [2024-12-01T04:57:03.113+0000] {dag.py:3047} INFO - Sync 1 DAGs
[2024-12-01T04:57:03.126+0000] {logging_mixin.py:188} INFO - [2024-12-01T04:57:03.126+0000] {dag.py:3834} INFO - Setting next_dagrun for crud_postgres_bash to 2024-12-01 00:00:00+00:00, run_after=2024-12-02 00:00:00+00:00
[2024-12-01T04:57:03.139+0000] {processor.py:183} INFO - Processing /opt/airflow/dags/crud_postgres_bash.py took 0.073 seconds
[2024-12-01T04:57:33.869+0000] {processor.py:161} INFO - Started process (PID=4976) to work on /opt/airflow/dags/crud_postgres_bash.py
[2024-12-01T04:57:33.870+0000] {processor.py:830} INFO - Processing file /opt/airflow/dags/crud_postgres_bash.py for tasks to queue
[2024-12-01T04:57:33.872+0000] {logging_mixin.py:188} INFO - [2024-12-01T04:57:33.871+0000] {dagbag.py:540} INFO - Filling up the DagBag from /opt/airflow/dags/crud_postgres_bash.py
[2024-12-01T04:57:33.894+0000] {logging_mixin.py:188} INFO - [2024-12-01T04:57:33.894+0000] {base.py:83} INFO - Using connection ID 'azure_postgres_conn' for task execution.
[2024-12-01T04:57:33.902+0000] {processor.py:840} INFO - DAG(s) 'crud_postgres_bash' retrieved from /opt/airflow/dags/crud_postgres_bash.py
[2024-12-01T04:57:33.914+0000] {logging_mixin.py:188} INFO - [2024-12-01T04:57:33.914+0000] {dag.py:3047} INFO - Sync 1 DAGs
[2024-12-01T04:57:33.927+0000] {logging_mixin.py:188} INFO - [2024-12-01T04:57:33.927+0000] {dag.py:3834} INFO - Setting next_dagrun for crud_postgres_bash to 2024-12-01 00:00:00+00:00, run_after=2024-12-02 00:00:00+00:00
[2024-12-01T04:57:33.939+0000] {processor.py:183} INFO - Processing /opt/airflow/dags/crud_postgres_bash.py took 0.075 seconds
[2024-12-01T04:58:04.687+0000] {processor.py:161} INFO - Started process (PID=4995) to work on /opt/airflow/dags/crud_postgres_bash.py
[2024-12-01T04:58:04.689+0000] {processor.py:830} INFO - Processing file /opt/airflow/dags/crud_postgres_bash.py for tasks to queue
[2024-12-01T04:58:04.690+0000] {logging_mixin.py:188} INFO - [2024-12-01T04:58:04.690+0000] {dagbag.py:540} INFO - Filling up the DagBag from /opt/airflow/dags/crud_postgres_bash.py
[2024-12-01T04:58:04.709+0000] {logging_mixin.py:188} INFO - [2024-12-01T04:58:04.709+0000] {base.py:83} INFO - Using connection ID 'azure_postgres_conn' for task execution.
[2024-12-01T04:58:04.716+0000] {processor.py:840} INFO - DAG(s) 'crud_postgres_bash' retrieved from /opt/airflow/dags/crud_postgres_bash.py
[2024-12-01T04:58:04.727+0000] {logging_mixin.py:188} INFO - [2024-12-01T04:58:04.727+0000] {dag.py:3047} INFO - Sync 1 DAGs
[2024-12-01T04:58:04.742+0000] {logging_mixin.py:188} INFO - [2024-12-01T04:58:04.742+0000] {dag.py:3834} INFO - Setting next_dagrun for crud_postgres_bash to 2024-12-01 00:00:00+00:00, run_after=2024-12-02 00:00:00+00:00
[2024-12-01T04:58:04.753+0000] {processor.py:183} INFO - Processing /opt/airflow/dags/crud_postgres_bash.py took 0.072 seconds
[2024-12-01T04:58:35.509+0000] {processor.py:161} INFO - Started process (PID=5014) to work on /opt/airflow/dags/crud_postgres_bash.py
[2024-12-01T04:58:35.511+0000] {processor.py:830} INFO - Processing file /opt/airflow/dags/crud_postgres_bash.py for tasks to queue
[2024-12-01T04:58:35.512+0000] {logging_mixin.py:188} INFO - [2024-12-01T04:58:35.512+0000] {dagbag.py:540} INFO - Filling up the DagBag from /opt/airflow/dags/crud_postgres_bash.py
[2024-12-01T04:58:35.539+0000] {logging_mixin.py:188} INFO - [2024-12-01T04:58:35.539+0000] {base.py:83} INFO - Using connection ID 'azure_postgres_conn' for task execution.
[2024-12-01T04:58:35.547+0000] {processor.py:840} INFO - DAG(s) 'crud_postgres_bash' retrieved from /opt/airflow/dags/crud_postgres_bash.py
[2024-12-01T04:58:35.558+0000] {logging_mixin.py:188} INFO - [2024-12-01T04:58:35.558+0000] {dag.py:3047} INFO - Sync 1 DAGs
[2024-12-01T04:58:35.571+0000] {logging_mixin.py:188} INFO - [2024-12-01T04:58:35.571+0000] {dag.py:3834} INFO - Setting next_dagrun for crud_postgres_bash to 2024-12-01 00:00:00+00:00, run_after=2024-12-02 00:00:00+00:00
[2024-12-01T04:58:35.584+0000] {processor.py:183} INFO - Processing /opt/airflow/dags/crud_postgres_bash.py took 0.080 seconds
[2024-12-01T04:59:06.277+0000] {processor.py:161} INFO - Started process (PID=5033) to work on /opt/airflow/dags/crud_postgres_bash.py
[2024-12-01T04:59:06.280+0000] {processor.py:830} INFO - Processing file /opt/airflow/dags/crud_postgres_bash.py for tasks to queue
[2024-12-01T04:59:06.282+0000] {logging_mixin.py:188} INFO - [2024-12-01T04:59:06.282+0000] {dagbag.py:540} INFO - Filling up the DagBag from /opt/airflow/dags/crud_postgres_bash.py
[2024-12-01T04:59:06.302+0000] {logging_mixin.py:188} INFO - [2024-12-01T04:59:06.302+0000] {base.py:83} INFO - Using connection ID 'azure_postgres_conn' for task execution.
[2024-12-01T04:59:06.311+0000] {processor.py:840} INFO - DAG(s) 'crud_postgres_bash' retrieved from /opt/airflow/dags/crud_postgres_bash.py
[2024-12-01T04:59:06.322+0000] {logging_mixin.py:188} INFO - [2024-12-01T04:59:06.322+0000] {dag.py:3047} INFO - Sync 1 DAGs
[2024-12-01T04:59:06.335+0000] {logging_mixin.py:188} INFO - [2024-12-01T04:59:06.335+0000] {dag.py:3834} INFO - Setting next_dagrun for crud_postgres_bash to 2024-12-01 00:00:00+00:00, run_after=2024-12-02 00:00:00+00:00
[2024-12-01T04:59:06.346+0000] {processor.py:183} INFO - Processing /opt/airflow/dags/crud_postgres_bash.py took 0.074 seconds
[2024-12-01T04:59:37.079+0000] {processor.py:161} INFO - Started process (PID=5052) to work on /opt/airflow/dags/crud_postgres_bash.py
[2024-12-01T04:59:37.081+0000] {processor.py:830} INFO - Processing file /opt/airflow/dags/crud_postgres_bash.py for tasks to queue
[2024-12-01T04:59:37.083+0000] {logging_mixin.py:188} INFO - [2024-12-01T04:59:37.083+0000] {dagbag.py:540} INFO - Filling up the DagBag from /opt/airflow/dags/crud_postgres_bash.py
[2024-12-01T04:59:37.104+0000] {logging_mixin.py:188} INFO - [2024-12-01T04:59:37.104+0000] {base.py:83} INFO - Using connection ID 'azure_postgres_conn' for task execution.
[2024-12-01T04:59:37.111+0000] {processor.py:840} INFO - DAG(s) 'crud_postgres_bash' retrieved from /opt/airflow/dags/crud_postgres_bash.py
[2024-12-01T04:59:37.123+0000] {logging_mixin.py:188} INFO - [2024-12-01T04:59:37.123+0000] {dag.py:3047} INFO - Sync 1 DAGs
[2024-12-01T04:59:37.135+0000] {logging_mixin.py:188} INFO - [2024-12-01T04:59:37.135+0000] {dag.py:3834} INFO - Setting next_dagrun for crud_postgres_bash to 2024-12-01 00:00:00+00:00, run_after=2024-12-02 00:00:00+00:00
[2024-12-01T04:59:37.148+0000] {processor.py:183} INFO - Processing /opt/airflow/dags/crud_postgres_bash.py took 0.074 seconds
[2024-12-01T05:00:07.847+0000] {processor.py:161} INFO - Started process (PID=5071) to work on /opt/airflow/dags/crud_postgres_bash.py
[2024-12-01T05:00:07.849+0000] {processor.py:830} INFO - Processing file /opt/airflow/dags/crud_postgres_bash.py for tasks to queue
[2024-12-01T05:00:07.851+0000] {logging_mixin.py:188} INFO - [2024-12-01T05:00:07.850+0000] {dagbag.py:540} INFO - Filling up the DagBag from /opt/airflow/dags/crud_postgres_bash.py
[2024-12-01T05:00:07.872+0000] {logging_mixin.py:188} INFO - [2024-12-01T05:00:07.872+0000] {base.py:83} INFO - Using connection ID 'azure_postgres_conn' for task execution.
[2024-12-01T05:00:07.881+0000] {processor.py:840} INFO - DAG(s) 'crud_postgres_bash' retrieved from /opt/airflow/dags/crud_postgres_bash.py
[2024-12-01T05:00:07.891+0000] {logging_mixin.py:188} INFO - [2024-12-01T05:00:07.891+0000] {dag.py:3047} INFO - Sync 1 DAGs
[2024-12-01T05:00:07.905+0000] {logging_mixin.py:188} INFO - [2024-12-01T05:00:07.904+0000] {dag.py:3834} INFO - Setting next_dagrun for crud_postgres_bash to 2024-12-01 00:00:00+00:00, run_after=2024-12-02 00:00:00+00:00
[2024-12-01T05:00:07.918+0000] {processor.py:183} INFO - Processing /opt/airflow/dags/crud_postgres_bash.py took 0.075 seconds
[2024-12-01T05:00:38.660+0000] {processor.py:161} INFO - Started process (PID=5090) to work on /opt/airflow/dags/crud_postgres_bash.py
[2024-12-01T05:00:38.662+0000] {processor.py:830} INFO - Processing file /opt/airflow/dags/crud_postgres_bash.py for tasks to queue
[2024-12-01T05:00:38.663+0000] {logging_mixin.py:188} INFO - [2024-12-01T05:00:38.662+0000] {dagbag.py:540} INFO - Filling up the DagBag from /opt/airflow/dags/crud_postgres_bash.py
[2024-12-01T05:00:38.685+0000] {logging_mixin.py:188} INFO - [2024-12-01T05:00:38.685+0000] {base.py:83} INFO - Using connection ID 'azure_postgres_conn' for task execution.
[2024-12-01T05:00:38.694+0000] {processor.py:840} INFO - DAG(s) 'crud_postgres_bash' retrieved from /opt/airflow/dags/crud_postgres_bash.py
[2024-12-01T05:00:38.704+0000] {logging_mixin.py:188} INFO - [2024-12-01T05:00:38.704+0000] {dag.py:3047} INFO - Sync 1 DAGs
[2024-12-01T05:00:38.719+0000] {logging_mixin.py:188} INFO - [2024-12-01T05:00:38.718+0000] {dag.py:3834} INFO - Setting next_dagrun for crud_postgres_bash to 2024-12-01 00:00:00+00:00, run_after=2024-12-02 00:00:00+00:00
[2024-12-01T05:00:38.729+0000] {processor.py:183} INFO - Processing /opt/airflow/dags/crud_postgres_bash.py took 0.074 seconds
[2024-12-01T05:01:09.472+0000] {processor.py:161} INFO - Started process (PID=5109) to work on /opt/airflow/dags/crud_postgres_bash.py
[2024-12-01T05:01:09.474+0000] {processor.py:830} INFO - Processing file /opt/airflow/dags/crud_postgres_bash.py for tasks to queue
[2024-12-01T05:01:09.475+0000] {logging_mixin.py:188} INFO - [2024-12-01T05:01:09.475+0000] {dagbag.py:540} INFO - Filling up the DagBag from /opt/airflow/dags/crud_postgres_bash.py
[2024-12-01T05:01:09.495+0000] {logging_mixin.py:188} INFO - [2024-12-01T05:01:09.495+0000] {base.py:83} INFO - Using connection ID 'azure_postgres_conn' for task execution.
[2024-12-01T05:01:09.504+0000] {processor.py:840} INFO - DAG(s) 'crud_postgres_bash' retrieved from /opt/airflow/dags/crud_postgres_bash.py
[2024-12-01T05:01:09.515+0000] {logging_mixin.py:188} INFO - [2024-12-01T05:01:09.515+0000] {dag.py:3047} INFO - Sync 1 DAGs
[2024-12-01T05:01:09.528+0000] {logging_mixin.py:188} INFO - [2024-12-01T05:01:09.528+0000] {dag.py:3834} INFO - Setting next_dagrun for crud_postgres_bash to 2024-12-01 00:00:00+00:00, run_after=2024-12-02 00:00:00+00:00
[2024-12-01T05:01:09.540+0000] {processor.py:183} INFO - Processing /opt/airflow/dags/crud_postgres_bash.py took 0.072 seconds
[2024-12-01T05:01:40.321+0000] {processor.py:161} INFO - Started process (PID=5128) to work on /opt/airflow/dags/crud_postgres_bash.py
[2024-12-01T05:01:40.323+0000] {processor.py:830} INFO - Processing file /opt/airflow/dags/crud_postgres_bash.py for tasks to queue
[2024-12-01T05:01:40.324+0000] {logging_mixin.py:188} INFO - [2024-12-01T05:01:40.324+0000] {dagbag.py:540} INFO - Filling up the DagBag from /opt/airflow/dags/crud_postgres_bash.py
[2024-12-01T05:01:40.345+0000] {logging_mixin.py:188} INFO - [2024-12-01T05:01:40.345+0000] {base.py:83} INFO - Using connection ID 'azure_postgres_conn' for task execution.
[2024-12-01T05:01:40.353+0000] {processor.py:840} INFO - DAG(s) 'crud_postgres_bash' retrieved from /opt/airflow/dags/crud_postgres_bash.py
[2024-12-01T05:01:40.364+0000] {logging_mixin.py:188} INFO - [2024-12-01T05:01:40.364+0000] {dag.py:3047} INFO - Sync 1 DAGs
[2024-12-01T05:01:40.379+0000] {logging_mixin.py:188} INFO - [2024-12-01T05:01:40.379+0000] {dag.py:3834} INFO - Setting next_dagrun for crud_postgres_bash to 2024-12-01 00:00:00+00:00, run_after=2024-12-02 00:00:00+00:00
[2024-12-01T05:01:40.391+0000] {processor.py:183} INFO - Processing /opt/airflow/dags/crud_postgres_bash.py took 0.074 seconds
[2024-12-01T05:02:11.202+0000] {processor.py:161} INFO - Started process (PID=5147) to work on /opt/airflow/dags/crud_postgres_bash.py
[2024-12-01T05:02:11.203+0000] {processor.py:830} INFO - Processing file /opt/airflow/dags/crud_postgres_bash.py for tasks to queue
[2024-12-01T05:02:11.204+0000] {logging_mixin.py:188} INFO - [2024-12-01T05:02:11.204+0000] {dagbag.py:540} INFO - Filling up the DagBag from /opt/airflow/dags/crud_postgres_bash.py
[2024-12-01T05:02:11.228+0000] {logging_mixin.py:188} INFO - [2024-12-01T05:02:11.228+0000] {base.py:83} INFO - Using connection ID 'azure_postgres_conn' for task execution.
[2024-12-01T05:02:11.237+0000] {processor.py:840} INFO - DAG(s) 'crud_postgres_bash' retrieved from /opt/airflow/dags/crud_postgres_bash.py
[2024-12-01T05:02:11.248+0000] {logging_mixin.py:188} INFO - [2024-12-01T05:02:11.248+0000] {dag.py:3047} INFO - Sync 1 DAGs
[2024-12-01T05:02:11.261+0000] {logging_mixin.py:188} INFO - [2024-12-01T05:02:11.261+0000] {dag.py:3834} INFO - Setting next_dagrun for crud_postgres_bash to 2024-12-01 00:00:00+00:00, run_after=2024-12-02 00:00:00+00:00
[2024-12-01T05:02:11.273+0000] {processor.py:183} INFO - Processing /opt/airflow/dags/crud_postgres_bash.py took 0.076 seconds
