[2024-12-01T04:39:21.880+0000] {taskinstance.py:1979} INFO - Dependencies all met for dep_context=non-requeueable deps ti=<TaskInstance: crud_postgres.create_table manual__2024-12-01T04:28:38.178092+00:00 [queued]>
[2024-12-01T04:39:21.884+0000] {taskinstance.py:1979} INFO - Dependencies all met for dep_context=requeueable deps ti=<TaskInstance: crud_postgres.create_table manual__2024-12-01T04:28:38.178092+00:00 [queued]>
[2024-12-01T04:39:21.884+0000] {taskinstance.py:2193} INFO - Starting attempt 1 of 2
[2024-12-01T04:39:21.890+0000] {taskinstance.py:2217} INFO - Executing <Task(PostgresOperator): create_table> on 2024-12-01 04:28:38.178092+00:00
[2024-12-01T04:39:21.892+0000] {standard_task_runner.py:60} INFO - Started process 3708 to run task
[2024-12-01T04:39:21.894+0000] {standard_task_runner.py:87} INFO - Running: ['***', 'tasks', 'run', 'crud_postgres', 'create_table', 'manual__2024-12-01T04:28:38.178092+00:00', '--job-id', '6689', '--raw', '--subdir', 'DAGS_FOLDER/CRUD_Postgres.py', '--cfg-path', '/tmp/tmp_83zzn6l']
[2024-12-01T04:39:21.895+0000] {standard_task_runner.py:88} INFO - Job 6689: Subtask create_table
[2024-12-01T04:39:21.919+0000] {task_command.py:423} INFO - Running <TaskInstance: crud_postgres.create_table manual__2024-12-01T04:28:38.178092+00:00 [running]> on host 4f673f93eb11
[2024-12-01T04:39:21.952+0000] {taskinstance.py:2513} INFO - Exporting env vars: AIRFLOW_CTX_DAG_OWNER='***' AIRFLOW_CTX_DAG_ID='crud_postgres' AIRFLOW_CTX_TASK_ID='create_table' AIRFLOW_CTX_EXECUTION_DATE='2024-12-01T04:28:38.178092+00:00' AIRFLOW_CTX_TRY_NUMBER='1' AIRFLOW_CTX_DAG_RUN_ID='manual__2024-12-01T04:28:38.178092+00:00'
[2024-12-01T04:39:21.952+0000] {sql.py:276} INFO - Executing: 
        CREATE TABLE IF NOT EXISTS komsan.weekly_covid19_reports (
            id SERIAL PRIMARY KEY,
            year INTEGER,
            weeknum INTEGER,
            new_case INTEGER,
            total_case INTEGER,
            new_case_excludeabroad INTEGER,
            total_case_excludeabroad INTEGER,
            new_recovered INTEGER,
            total_recovered INTEGER,
            new_death INTEGER,
            total_death INTEGER,
            case_foreign INTEGER,
            case_prison INTEGER,
            case_walkin INTEGER,
            case_new_prev INTEGER,
            case_new_diff INTEGER,
            death_new_prev INTEGER,
            death_new_diff INTEGER,
            update_date TIMESTAMP
        );
        
[2024-12-01T04:39:21.956+0000] {base.py:83} INFO - Using connection ID 'azure_postgres_conn' for task execution.
[2024-12-01T04:39:21.961+0000] {base.py:83} INFO - Using connection ID 'azure_postgres_conn' for task execution.
[2024-12-01T04:39:22.204+0000] {sql.py:457} INFO - Running statement: 
        CREATE TABLE IF NOT EXISTS komsan.weekly_covid19_reports (
            id SERIAL PRIMARY KEY,
            year INTEGER,
            weeknum INTEGER,
            new_case INTEGER,
            total_case INTEGER,
            new_case_excludeabroad INTEGER,
            total_case_excludeabroad INTEGER,
            new_recovered INTEGER,
            total_recovered INTEGER,
            new_death INTEGER,
            total_death INTEGER,
            case_foreign INTEGER,
            case_prison INTEGER,
            case_walkin INTEGER,
            case_new_prev INTEGER,
            case_new_diff INTEGER,
            death_new_prev INTEGER,
            death_new_diff INTEGER,
            update_date TIMESTAMP
        );
        , parameters: None
[2024-12-01T04:39:22.393+0000] {warnings.py:109} WARNING - /home/***/.local/lib/python3.8/site-packages/***/providers/common/sql/hooks/sql.py:407: AirflowProviderDeprecationWarning: Call to deprecated method _make_common_data_structure. (The `_make_serializable` method is deprecated and support will be removed in a future version of the common.sql provider. Please update the DbApiHook's provider to a version based on common.sql >= 1.9.1.)
  result = self._make_common_data_structure(handler(cur))

[2024-12-01T04:39:22.446+0000] {taskinstance.py:1149} INFO - Marking task as SUCCESS. dag_id=crud_postgres, task_id=create_table, execution_date=20241201T042838, start_date=20241201T043921, end_date=20241201T043922
[2024-12-01T04:39:22.505+0000] {local_task_job_runner.py:234} INFO - Task exited with return code 0
[2024-12-01T04:39:22.517+0000] {warnings.py:109} WARNING - /home/***/.local/lib/python3.8/site-packages/***/models/baseoperator.py:1201: AirflowProviderDeprecationWarning: Call to deprecated class PostgresOperator. (Please use `***.providers.common.sql.operators.sql.SQLExecuteQueryOperator`.Also, you can provide `hook_params={'schema': <database>}`.)
  result = cls.__new__(cls)

[2024-12-01T04:39:22.532+0000] {taskinstance.py:3312} INFO - 1 downstream tasks scheduled from follow-on schedule check
