[2024-12-01T03:49:23.433+0000] {taskinstance.py:1979} INFO - Dependencies all met for dep_context=non-requeueable deps ti=<TaskInstance: create_directory_in_blob.create_directory manual__2024-12-01T03:49:22.229204+00:00 [queued]>
[2024-12-01T03:49:23.438+0000] {taskinstance.py:1979} INFO - Dependencies all met for dep_context=requeueable deps ti=<TaskInstance: create_directory_in_blob.create_directory manual__2024-12-01T03:49:22.229204+00:00 [queued]>
[2024-12-01T03:49:23.438+0000] {taskinstance.py:2193} INFO - Starting attempt 1 of 1
[2024-12-01T03:49:23.443+0000] {taskinstance.py:2217} INFO - Executing <Task(PythonOperator): create_directory> on 2024-12-01 03:49:22.229204+00:00
[2024-12-01T03:49:23.446+0000] {standard_task_runner.py:60} INFO - Started process 2920 to run task
[2024-12-01T03:49:23.448+0000] {standard_task_runner.py:87} INFO - Running: ['***', 'tasks', 'run', 'create_directory_in_blob', 'create_directory', 'manual__2024-12-01T03:49:22.229204+00:00', '--job-id', '6678', '--raw', '--subdir', 'DAGS_FOLDER/create_blob_directory.py', '--cfg-path', '/tmp/tmpkpn_bssl']
[2024-12-01T03:49:23.449+0000] {standard_task_runner.py:88} INFO - Job 6678: Subtask create_directory
[2024-12-01T03:49:23.475+0000] {task_command.py:423} INFO - Running <TaskInstance: create_directory_in_blob.create_directory manual__2024-12-01T03:49:22.229204+00:00 [running]> on host 4f673f93eb11
[2024-12-01T03:49:23.510+0000] {taskinstance.py:2513} INFO - Exporting env vars: AIRFLOW_CTX_DAG_OWNER='***' AIRFLOW_CTX_DAG_ID='create_directory_in_blob' AIRFLOW_CTX_TASK_ID='create_directory' AIRFLOW_CTX_EXECUTION_DATE='2024-12-01T03:49:22.229204+00:00' AIRFLOW_CTX_TRY_NUMBER='1' AIRFLOW_CTX_DAG_RUN_ID='manual__2024-12-01T03:49:22.229204+00:00'
[2024-12-01T03:49:23.513+0000] {_universal.py:514} INFO - Request URL: 'https://***lab2024san.blob.core.windows.net/bd656-container/komsan/'
Request method: 'PUT'
Request headers:
    'x-ms-blob-type': 'REDACTED'
    'Content-Length': '0'
    'If-None-Match': '*'
    'x-ms-version': 'REDACTED'
    'Content-Type': 'application/octet-stream'
    'Accept': 'application/xml'
    'User-Agent': 'azsdk-python-storage-blob/12.19.1 Python/3.8.18 (Linux-6.10.14-linuxkit-aarch64-with-glibc2.34)'
    'x-ms-date': 'REDACTED'
    'x-ms-client-request-id': '40e038f0-af97-11ef-9220-0242ac120006'
    'Authorization': 'REDACTED'
No body was attached to the request
[2024-12-01T03:49:24.760+0000] {_universal.py:550} INFO - Response status: 201
Response headers:
    'Content-Length': '0'
    'Content-MD5': 'REDACTED'
    'Last-Modified': 'Sun, 01 Dec 2024 03:49:24 GMT'
    'ETag': '"0x8DD11BB25BEA04E"'
    'Server': 'Windows-Azure-Blob/1.0 Microsoft-HTTPAPI/2.0'
    'x-ms-request-id': '8abd0d0d-701e-0103-5ca4-4317c5000000'
    'x-ms-client-request-id': '40e038f0-af97-11ef-9220-0242ac120006'
    'x-ms-version': 'REDACTED'
    'x-ms-content-crc64': 'REDACTED'
    'x-ms-request-server-encrypted': 'REDACTED'
    'Date': 'Sun, 01 Dec 2024 03:49:23 GMT'
[2024-12-01T03:49:24.766+0000] {python.py:202} INFO - Done. Returned value was: None
[2024-12-01T03:49:24.779+0000] {taskinstance.py:1149} INFO - Marking task as SUCCESS. dag_id=create_directory_in_blob, task_id=create_directory, execution_date=20241201T034922, start_date=20241201T034923, end_date=20241201T034924
[2024-12-01T03:49:24.817+0000] {local_task_job_runner.py:234} INFO - Task exited with return code 0
[2024-12-01T03:49:24.833+0000] {taskinstance.py:3312} INFO - 0 downstream tasks scheduled from follow-on schedule check
